Build started 2016-01-22 11:41:46 AM.
     1>Project "C:\Users\Matthew\Documents\Visual Studio 2015\Projects\Asn3CheckBox\Asn3CheckBox\Asn3CheckBox.vcxproj" on node 2 (Build target(s)).
     1>ClCompile:
         C:\Program Files (x86)\Microsoft Visual Studio 14.0\VC\bin\CL.exe /c /ZI /nologo /W3 /WX- /sdl /Od /Oy- /D WIN32 /D _DEBUG /D _WINDOWS /D _UNICODE /D UNICODE /Gm /EHsc /RTC1 /MDd /GS /fp:precise /Zc:wchar_t /Zc:forScope /Zc:inline /Fo"Debug\\" /Fd"Debug\vc140.pdb" /Gd /TP /analyze- /errorReport:prompt main.cpp
         main.cpp
     1>c:\users\matthew\documents\visual studio 2015\projects\asn3checkbox\asn3checkbox\main.cpp(70): warning C4067: unexpected tokens following preprocessor directive - expected a newline
     1>c:\users\matthew\documents\visual studio 2015\projects\asn3checkbox\asn3checkbox\main.cpp(71): warning C4067: unexpected tokens following preprocessor directive - expected a newline
     1>c:\users\matthew\documents\visual studio 2015\projects\asn3checkbox\asn3checkbox\main.cpp(131): warning C4101: 'hdc': unreferenced local variable
     1>c:\users\matthew\documents\visual studio 2015\projects\asn3checkbox\asn3checkbox\main.cpp(135): warning C4101: 'mousePos': unreferenced local variable
     1>c:\users\matthew\documents\visual studio 2015\projects\asn3checkbox\asn3checkbox\main.cpp(135): warning C4101: 'point': unreferenced local variable
     1>c:\users\matthew\documents\visual studio 2015\projects\asn3checkbox\asn3checkbox\main.cpp(133): warning C4101: 'tme1': unreferenced local variable
     1>c:\users\matthew\documents\visual studio 2015\projects\asn3checkbox\asn3checkbox\main.cpp(134): warning C4101: 'rect': unreferenced local variable
     1>c:\users\matthew\documents\visual studio 2015\projects\asn3checkbox\asn3checkbox\main.cpp(133): warning C4101: 'tme': unreferenced local variable
       Link:
         C:\Program Files (x86)\Microsoft Visual Studio 14.0\VC\bin\link.exe /ERRORREPORT:PROMPT /OUT:"C:\Users\Matthew\Documents\Visual Studio 2015\Projects\Asn3CheckBox\Debug\Asn3CheckBox.exe" /INCREMENTAL /NOLOGO kernel32.lib user32.lib gdi32.lib winspool.lib comdlg32.lib advapi32.lib shell32.lib ole32.lib oleaut32.lib uuid.lib odbc32.lib odbccp32.lib /MANIFEST /MANIFESTUAC:"level='asInvoker' uiAccess='false'" /manifest:embed /Debug /PDB:"C:\Users\Matthew\Documents\Visual Studio 2015\Projects\Asn3CheckBox\Debug\Asn3CheckBox.pdb" /SUBSYSTEM:WINDOWS /TLBID:1 /DYNAMICBASE /NXCOMPAT /IMPLIB:"C:\Users\Matthew\Documents\Visual Studio 2015\Projects\Asn3CheckBox\Debug\Asn3CheckBox.lib" /MACHINE:X86 Debug\Asn3CheckBox.res
         Debug\main.obj
         Asn3CheckBox.vcxproj -> C:\Users\Matthew\Documents\Visual Studio 2015\Projects\Asn3CheckBox\Debug\Asn3CheckBox.exe
     1>Done Building Project "C:\Users\Matthew\Documents\Visual Studio 2015\Projects\Asn3CheckBox\Asn3CheckBox\Asn3CheckBox.vcxproj" (Build target(s)).

Build succeeded.

Time Elapsed 00:00:01.09
